{"numFailedTestSuites":0,"numFailedTests":0,"numPassedTestSuites":1,"numPassedTests":1,"numPendingTestSuites":0,"numPendingTests":0,"numRuntimeErrorTestSuites":0,"numTodoTests":0,"numTotalTestSuites":1,"numTotalTests":1,"openHandles":[],"snapshot":{"added":0,"didUpdate":true,"failure":false,"filesAdded":0,"filesRemoved":0,"filesRemovedList":[],"filesUnmatched":0,"filesUpdated":0,"matched":0,"total":0,"unchecked":0,"uncheckedKeysByFile":[],"unmatched":0,"updated":0},"startTime":1630656726143,"success":true,"testResults":[{"assertionResults":[{"ancestorTitles":[],"failureMessages":[],"fullName":"renders TestComponent default component","location":null,"status":"passed","title":"renders TestComponent default component"}],"endTime":1630656729142,"message":"","name":"C:\\Projects\\sample-package\\src\\components\\component-1\\__tests__\\TestComponent.test.js","startTime":1630656726915,"status":"passed","summary":""}],"wasInterrupted":false,"coverageMap":{"C:\\Projects\\sample-package\\src\\components\\component-1\\TestComponent.tsx":{"path":"C:\\Projects\\sample-package\\src\\components\\component-1\\TestComponent.tsx","statementMap":{"0":{"start":{"line":5,"column":33},"end":{"line":14,"column":1}},"1":{"start":{"line":6,"column":2},"end":{"line":13,"column":4}}},"fnMap":{"0":{"name":"(anonymous_0)","decl":{"start":{"line":5,"column":33},"end":{"line":5,"column":34}},"loc":{"start":{"line":5,"column":68},"end":{"line":14,"column":1}},"line":5}},"branchMap":{},"s":{"0":1,"1":1},"f":{"0":1},"b":{},"_coverageSchema":"1a1c01bbd47fc00a2c39e90264f33305004495a9","hash":"8753593ee45234ad11278222a8e7aa4330350d1e"},"C:\\Projects\\sample-package\\src\\components\\component-1\\TestComponent.stories.tsx":{"path":"C:\\Projects\\sample-package\\src\\components\\component-1\\TestComponent.stories.tsx","statementMap":{"0":{"start":{"line":14,"column":31},"end":{"line":18,"column":1}},"1":{"start":{"line":15,"column":2},"end":{"line":17,"column":8}},"2":{"start":{"line":20,"column":37},"end":{"line":20,"column":54}},"3":{"start":{"line":22,"column":0},"end":{"line":24,"column":2}}},"fnMap":{"0":{"name":"(anonymous_0)","decl":{"start":{"line":14,"column":31},"end":{"line":14,"column":32}},"loc":{"start":{"line":15,"column":2},"end":{"line":17,"column":8}},"line":15}},"branchMap":{},"s":{"0":1,"1":1,"2":1,"3":1},"f":{"0":1},"b":{},"_coverageSchema":"1a1c01bbd47fc00a2c39e90264f33305004495a9","hash":"0f88ebff08849e99307a7261678e9ad5467a1bea"}}}