{"numFailedTestSuites":0,"numFailedTests":0,"numPassedTestSuites":1,"numPassedTests":1,"numPendingTestSuites":0,"numPendingTests":0,"numRuntimeErrorTestSuites":0,"numTodoTests":0,"numTotalTestSuites":1,"numTotalTests":1,"openHandles":[],"snapshot":{"added":0,"didUpdate":true,"failure":false,"filesAdded":0,"filesRemoved":0,"filesRemovedList":[],"filesUnmatched":0,"filesUpdated":0,"matched":0,"total":0,"unchecked":0,"uncheckedKeysByFile":[],"unmatched":0,"updated":0},"startTime":1630578892995,"success":true,"testResults":[{"assertionResults":[{"ancestorTitles":[],"failureMessages":[],"fullName":"renders TestComponent default component","location":null,"status":"passed","title":"renders TestComponent default component"}],"endTime":1630578900524,"message":"","name":"C:\\Projects\\vite\\src\\components\\component-1\\__tests__\\TestComponent.test.js","startTime":1630578895161,"status":"passed","summary":""}],"wasInterrupted":false,"coverageMap":{"C:\\Projects\\vite\\src\\components\\component-1\\TestComponent.tsx":{"path":"C:\\Projects\\vite\\src\\components\\component-1\\TestComponent.tsx","statementMap":{"0":{"start":{"line":5,"column":33},"end":{"line":14,"column":1}},"1":{"start":{"line":6,"column":2},"end":{"line":13,"column":4}}},"fnMap":{"0":{"name":"(anonymous_0)","decl":{"start":{"line":5,"column":33},"end":{"line":5,"column":34}},"loc":{"start":{"line":5,"column":78},"end":{"line":14,"column":1}},"line":5}},"branchMap":{"0":{"loc":{"start":{"line":5,"column":36},"end":{"line":5,"column":51}},"type":"default-arg","locations":[{"start":{"line":5,"column":44},"end":{"line":5,"column":51}}],"line":5}},"s":{"0":1,"1":1},"f":{"0":1},"b":{"0":[0]},"_coverageSchema":"1a1c01bbd47fc00a2c39e90264f33305004495a9","hash":"8ce0e73f804945001deeed0f5f6b76a0ffeb4ae6"},"C:\\Projects\\vite\\src\\components\\component-1\\TestComponent.stories.tsx":{"path":"C:\\Projects\\vite\\src\\components\\component-1\\TestComponent.stories.tsx","statementMap":{"0":{"start":{"line":14,"column":31},"end":{"line":18,"column":1}},"1":{"start":{"line":15,"column":2},"end":{"line":17,"column":8}},"2":{"start":{"line":20,"column":37},"end":{"line":20,"column":54}},"3":{"start":{"line":22,"column":0},"end":{"line":24,"column":2}}},"fnMap":{"0":{"name":"(anonymous_0)","decl":{"start":{"line":14,"column":31},"end":{"line":14,"column":32}},"loc":{"start":{"line":15,"column":2},"end":{"line":17,"column":8}},"line":15}},"branchMap":{},"s":{"0":1,"1":1,"2":1,"3":1},"f":{"0":1},"b":{},"_coverageSchema":"1a1c01bbd47fc00a2c39e90264f33305004495a9","hash":"c978794fda64acc2e6acf30a9247d5b9c3f65f77"}}}